The system is: Windows - 10.0.16299 - AMD64
Compiling the C compiler identification source file "CMakeCCompilerId.c" succeeded.
Compiler: C:/Program Files (x86)/Microsoft Visual Studio 14.0/VC/BIN/cl.exe 
Build flags: 
Id flags:  

The output was:
0
Оптимизирующий компилятор Microsoft (R) C/C++ версии 19.00.24215.1 для x86
(C) Корпорация Майкрософт (Microsoft Corporation).  Все права защищены.

CMakeCCompilerId.c
Microsoft (R) Incremental Linker Version 14.00.24215.1
Copyright (C) Microsoft Corporation.  All rights reserved.

/out:CMakeCCompilerId.exe 
CMakeCCompilerId.obj 


Compilation of the C compiler identification source "CMakeCCompilerId.c" produced "CMakeCCompilerId.exe"

Compilation of the C compiler identification source "CMakeCCompilerId.c" produced "CMakeCCompilerId.obj"

The C compiler identification is MSVC, found in "C:/PROJECTS/Technopark/C/Project/tpark_cpp_chat/client/bin/CMakeFiles/3.11.0/CompilerIdC/CMakeCCompilerId.exe"

Compiling the CXX compiler identification source file "CMakeCXXCompilerId.cpp" succeeded.
Compiler: C:/Program Files (x86)/Microsoft Visual Studio 14.0/VC/BIN/cl.exe 
Build flags: 
Id flags:  

The output was:
0
Оптимизирующий компилятор Microsoft (R) C/C++ версии 19.00.24215.1 для x86
(C) Корпорация Майкрософт (Microsoft Corporation).  Все права защищены.

CMakeCXXCompilerId.cpp
Microsoft (R) Incremental Linker Version 14.00.24215.1
Copyright (C) Microsoft Corporation.  All rights reserved.

/out:CMakeCXXCompilerId.exe 
CMakeCXXCompilerId.obj 


Compilation of the CXX compiler identification source "CMakeCXXCompilerId.cpp" produced "CMakeCXXCompilerId.exe"

Compilation of the CXX compiler identification source "CMakeCXXCompilerId.cpp" produced "CMakeCXXCompilerId.obj"

The CXX compiler identification is MSVC, found in "C:/PROJECTS/Technopark/C/Project/tpark_cpp_chat/client/bin/CMakeFiles/3.11.0/CompilerIdCXX/CMakeCXXCompilerId.exe"

Determining if the C compiler works passed with the following output:
Change Dir: C:/PROJECTS/Technopark/C/Project/tpark_cpp_chat/client/bin/CMakeFiles/CMakeTmp

Run Build Command:"nmake" "/NOLOGO" "cmTC_ab030\fast"
	"C:\Program Files (x86)\Microsoft Visual Studio 14.0\VC\BIN\nmake.exe" -f CMakeFiles\cmTC_ab030.dir\build.make /nologo -L                  CMakeFiles\cmTC_ab030.dir\build
Building C object CMakeFiles/cmTC_ab030.dir/testCCompiler.c.obj
	C:\PROGRA~2\MICROS~1.0\VC\BIN\cl.exe @C:\Users\Max\AppData\Local\Temp\nmF1C3.tmp
testCCompiler.c
Linking C executable cmTC_ab030.exe
	"C:\Program Files\CMake\bin\cmake.exe" -E vs_link_exe --intdir=CMakeFiles\cmTC_ab030.dir --manifests  -- C:\PROGRA~2\MICROS~1.0\VC\bin\link.exe /nologo @CMakeFiles\cmTC_ab030.dir\objects1.rsp @C:\Users\Max\AppData\Local\Temp\nmF212.tmp


Detecting C compiler ABI info compiled with the following output:
Change Dir: C:/PROJECTS/Technopark/C/Project/tpark_cpp_chat/client/bin/CMakeFiles/CMakeTmp

Run Build Command:"nmake" "/NOLOGO" "cmTC_269ae\fast"
	"C:\Program Files (x86)\Microsoft Visual Studio 14.0\VC\BIN\nmake.exe" -f CMakeFiles\cmTC_269ae.dir\build.make /nologo -L                  CMakeFiles\cmTC_269ae.dir\build
Building C object CMakeFiles/cmTC_269ae.dir/CMakeCCompilerABI.c.obj
	C:\PROGRA~2\MICROS~1.0\VC\BIN\cl.exe @C:\Users\Max\AppData\Local\Temp\nmF405.tmp
CMakeCCompilerABI.c
Linking C executable cmTC_269ae.exe
	"C:\Program Files\CMake\bin\cmake.exe" -E vs_link_exe --intdir=CMakeFiles\cmTC_269ae.dir --manifests  -- C:\PROGRA~2\MICROS~1.0\VC\bin\link.exe /nologo @CMakeFiles\cmTC_269ae.dir\objects1.rsp @C:\Users\Max\AppData\Local\Temp\nmF445.tmp


